Using pre-set license
Built from '2020.3/release' branch; Version is '2020.3.1f1 (77a89f25062f) revision 7841951'; Using compiler version '192528614'; Build Type 'Release'
OS: 'Windows 10 Home Single Language; OS build 19041.985; Version 2004; 64bit' Language: 'pt' Physical Memory: 8036 MB
BatchMode: 1, IsHumanControllingUs: 0, StartBugReporterOnCrash: 0, Is64bit: 1, IsPro: 0

 COMMAND LINE ARGUMENTS:
D:\Ferramentas\Unity\2020.3.1f1\Editor\Unity.exe
-adb2
-batchMode
-noUpm
-name
AssetImportWorker2
-projectPath
D:/Aulas/21.1/AI/T2_Unity
-logFile
Logs/AssetImportWorker2.log
-srvPort
56333
Successfully changed project path to: D:/Aulas/21.1/AI/T2_Unity
D:/Aulas/21.1/AI/T2_Unity
Using Asset Import Pipeline V2.
Refreshing native plugins compatible for Editor in 36.33 ms, found 1 plugins.
Preloading 0 native plugins for Editor in 0.00 ms.
Initialize engine version: 2020.3.1f1 (77a89f25062f)
[Subsystems] Discovering subsystems at path D:/Ferramentas/Unity/2020.3.1f1/Editor/Data/Resources/UnitySubsystems
[Subsystems] Discovering subsystems at path D:/Aulas/21.1/AI/T2_Unity/Assets
GfxDevice: creating device client; threaded=0
Direct3D:
    Version:  Direct3D 11.0 [level 11.1]
    Renderer: NVIDIA GeForce GTX 1650 (ID=0x1f91)
    Vendor:   
    VRAM:     3962 MB
    Driver:   27.21.14.6611
Initialize mono
Mono path[0] = 'D:/Ferramentas/Unity/2020.3.1f1/Editor/Data/Managed'
Mono path[1] = 'D:/Ferramentas/Unity/2020.3.1f1/Editor/Data/MonoBleedingEdge/lib/mono/unityjit'
Mono config path = 'D:/Ferramentas/Unity/2020.3.1f1/Editor/Data/MonoBleedingEdge/etc'
Using monoOptions --debugger-agent=transport=dt_socket,embedding=1,server=y,suspend=n,address=127.0.0.1:56892
Begin MonoManager ReloadAssembly
Registering precompiled unity dll's ...
Register platform support module: D:/Ferramentas/Unity/2020.3.1f1/Editor/Data/PlaybackEngines/WindowsStandaloneSupport/UnityEditor.WindowsStandalone.Extensions.dll
Registered in 0.001042 seconds.
Native extension for WindowsStandalone target not found
Refreshing native plugins compatible for Editor in 33.04 ms, found 1 plugins.
Preloading 0 native plugins for Editor in 0.00 ms.
Invoked RoslynAnalysisRunner static constructor.
RoslynAnalysisRunner will not be running.
RoslynAnalysisRunner has terminated.
Mono: successfully reloaded assembly
- Completed reload, in  0.967 seconds
Platform modules already initialized, skipping
Registering precompiled user dll's ...
Registered in 0.001039 seconds.
Begin MonoManager ReloadAssembly
Symbol file LoadedFromMemory is not a mono symbol file
Native extension for WindowsStandalone target not found
Refreshing native plugins compatible for Editor in 34.97 ms, found 1 plugins.
Preloading 0 native plugins for Editor in 0.00 ms.
Invoked RoslynAnalysisRunner static constructor.
RoslynAnalysisRunner will not be running.
RoslynAnalysisRunner has terminated.
Mono: successfully reloaded assembly
- Completed reload, in  0.951 seconds
Platform modules already initialized, skipping
========================================================================
Worker process is ready to serve import requests
Launched and connected shader compiler UnityShaderCompiler.exe after 0.18 seconds
Refreshing native plugins compatible for Editor in 0.32 ms, found 1 plugins.
Preloading 0 native plugins for Editor in 0.00 ms.
Unloading 1821 Unused Serialized files (Serialized files now loaded: 0)
System memory in use before: 85.4 MB.
System memory in use after: 85.3 MB.

Unloading 25 unused Assets to reduce memory usage. Loaded Objects now: 2266.
Total: 2.138600 ms (FindLiveObjects: 0.210600 ms CreateObjectMapping: 0.116300 ms MarkObjects: 1.681100 ms  DeleteObjects: 0.129400 ms)

========================================================================
Received Import Request.
  path: Assets/Resources/doubt_tileset.png
  artifactKey: Guid(3e2b0fca7ce9e774da6caee2ba9e8ab7) Importer(815301076,1909f56bfc062723c751e8b465ee728b)
Start importing Assets/Resources/doubt_tileset.png using Guid(3e2b0fca7ce9e774da6caee2ba9e8ab7) Importer(815301076,1909f56bfc062723c751e8b465ee728b)  -> (artifact id: '0a3cd5183e1dbf7dbdd3d2827313f460') in 0.406562 seconds
  Import took 0.455950 seconds .

========================================================================
Received Import Request.
  Time since last request: 1186.869288 seconds.
  path: Assets/Resources/doubt_tileset.png
  artifactKey: Guid(3e2b0fca7ce9e774da6caee2ba9e8ab7) Importer(815301076,1909f56bfc062723c751e8b465ee728b)
Start importing Assets/Resources/doubt_tileset.png using Guid(3e2b0fca7ce9e774da6caee2ba9e8ab7) Importer(815301076,1909f56bfc062723c751e8b465ee728b)  -> (artifact id: 'b74defe83dc05d4b058a6641eafb05e6') in 0.088180 seconds
  Import took 0.160573 seconds .

========================================================================
Received Import Request.
  Time since last request: 25.720357 seconds.
  path: Assets/Resources/doubt_tileset.png
  artifactKey: Guid(3e2b0fca7ce9e774da6caee2ba9e8ab7) Importer(815301076,1909f56bfc062723c751e8b465ee728b)
Start importing Assets/Resources/doubt_tileset.png using Guid(3e2b0fca7ce9e774da6caee2ba9e8ab7) Importer(815301076,1909f56bfc062723c751e8b465ee728b)  -> (artifact id: '566834e79e4e841519600d80cd72f260') in 0.111115 seconds
  Import took 0.129449 seconds .

========================================================================
Received Prepare
Registering precompiled user dll's ...
Registered in 0.000970 seconds.
Begin MonoManager ReloadAssembly
Symbol file LoadedFromMemory is not a mono symbol file
Native extension for WindowsStandalone target not found
Refreshing native plugins compatible for Editor in 0.45 ms, found 1 plugins.
Preloading 0 native plugins for Editor in 0.00 ms.
Invoked RoslynAnalysisRunner static constructor.
RoslynAnalysisRunner will not be running.
RoslynAnalysisRunner has terminated.
Mono: successfully reloaded assembly
- Completed reload, in  1.415 seconds
Platform modules already initialized, skipping
Refreshing native plugins compatible for Editor in 0.47 ms, found 1 plugins.
Preloading 0 native plugins for Editor in 0.00 ms.
Unloading 1816 Unused Serialized files (Serialized files now loaded: 0)
System memory in use before: 88.5 MB.
System memory in use after: 88.4 MB.

Unloading 13 unused Assets to reduce memory usage. Loaded Objects now: 2288.
Total: 4.860500 ms (FindLiveObjects: 0.324800 ms CreateObjectMapping: 0.128100 ms MarkObjects: 4.100800 ms  DeleteObjects: 0.303400 ms)

========================================================================
Received Import Request.
  Time since last request: 46.176330 seconds.
  path: Assets/Scripts/Camera/CameraScript.cs
  artifactKey: Guid(24821c5d99936a74398233fa9315378c) Importer(815301076,1909f56bfc062723c751e8b465ee728b)
Start importing Assets/Scripts/Camera/CameraScript.cs using Guid(24821c5d99936a74398233fa9315378c) Importer(815301076,1909f56bfc062723c751e8b465ee728b)  -> (artifact id: '5e0c934b345e0402a68787e6d545b67f') in 0.014676 seconds
  Import took 0.036525 seconds .

========================================================================
Received Import Request.
  Time since last request: 0.007627 seconds.
  path: Assets/Scripts/Camera/CameraScript.cs
  artifactKey: Guid(24821c5d99936a74398233fa9315378c) Importer(815301076,1909f56bfc062723c751e8b465ee728b)
Start importing Assets/Scripts/Camera/CameraScript.cs using Guid(24821c5d99936a74398233fa9315378c) Importer(815301076,1909f56bfc062723c751e8b465ee728b)  -> (artifact id: '5e0c934b345e0402a68787e6d545b67f') in 0.001692 seconds
  Import took 0.024676 seconds .

========================================================================
Received Import Request.
  Time since last request: 92.274773 seconds.
  path: Assets/Animations/enemies_tileset_8.controller
  artifactKey: Guid(1d047d5b745aa4146831b119c06ed6f7) Importer(815301076,1909f56bfc062723c751e8b465ee728b)
Start importing Assets/Animations/enemies_tileset_8.controller using Guid(1d047d5b745aa4146831b119c06ed6f7) Importer(815301076,1909f56bfc062723c751e8b465ee728b)  -> (artifact id: 'a6a785d52ce42abcb8f3ec216232075a') in 0.040809 seconds
  Import took 0.078389 seconds .

========================================================================
Received Import Request.
  Time since last request: 9.839019 seconds.
  path: Assets/Animations/teletransporter.anim
  artifactKey: Guid(b189df21a74ca6047964ec7fc8d5aa2c) Importer(815301076,1909f56bfc062723c751e8b465ee728b)
Start importing Assets/Animations/teletransporter.anim using Guid(b189df21a74ca6047964ec7fc8d5aa2c) Importer(815301076,1909f56bfc062723c751e8b465ee728b)  -> (artifact id: '205b839bba3983bfaf6d783172700b9e') in 0.011481 seconds
  Import took 0.116267 seconds .

========================================================================
Received Import Request.
  Time since last request: 0.115143 seconds.
  path: Assets/Animations/teletransporter.anim
  artifactKey: Guid(b189df21a74ca6047964ec7fc8d5aa2c) Importer(815301076,1909f56bfc062723c751e8b465ee728b)
Start importing Assets/Animations/teletransporter.anim using Guid(b189df21a74ca6047964ec7fc8d5aa2c) Importer(815301076,1909f56bfc062723c751e8b465ee728b)  -> (artifact id: '205b839bba3983bfaf6d783172700b9e') in 0.003562 seconds
  Import took 0.007623 seconds .

========================================================================
Received Import Request.
  Time since last request: 7.134499 seconds.
  path: Assets/Animations/vulture_doubt.anim
  artifactKey: Guid(b189df21a74ca6047964ec7fc8d5aa2c) Importer(815301076,1909f56bfc062723c751e8b465ee728b)
Start importing Assets/Animations/vulture_doubt.anim using Guid(b189df21a74ca6047964ec7fc8d5aa2c) Importer(815301076,1909f56bfc062723c751e8b465ee728b)  -> (artifact id: 'eb32ef6e72ad30b4c2b419d20d0ef0e0') in 0.008613 seconds
  Import took 0.057647 seconds .

========================================================================
Received Prepare
Registering precompiled user dll's ...
Registered in 0.001104 seconds.
Begin MonoManager ReloadAssembly
Symbol file LoadedFromMemory is not a mono symbol file
Native extension for WindowsStandalone target not found
Refreshing native plugins compatible for Editor in 0.41 ms, found 1 plugins.
Preloading 0 native plugins for Editor in 0.00 ms.
Invoked RoslynAnalysisRunner static constructor.
RoslynAnalysisRunner will not be running.
RoslynAnalysisRunner has terminated.
Mono: successfully reloaded assembly
- Completed reload, in  0.909 seconds
Platform modules already initialized, skipping
Refreshing native plugins compatible for Editor in 0.50 ms, found 1 plugins.
Preloading 0 native plugins for Editor in 0.00 ms.
Unloading 1816 Unused Serialized files (Serialized files now loaded: 0)
System memory in use before: 88.5 MB.
System memory in use after: 88.5 MB.

Unloading 13 unused Assets to reduce memory usage. Loaded Objects now: 2292.
Total: 3.084400 ms (FindLiveObjects: 0.268800 ms CreateObjectMapping: 0.119800 ms MarkObjects: 2.524100 ms  DeleteObjects: 0.169700 ms)

========================================================================
Received Import Request.
  Time since last request: 30.834310 seconds.
  path: Assets/Tiles/doubt_tileset_9.prefab
  artifactKey: Guid(da7fc0de5d05c694ea3568f7cd9e16ae) Importer(815301076,1909f56bfc062723c751e8b465ee728b)
Start importing Assets/Tiles/doubt_tileset_9.prefab using Guid(da7fc0de5d05c694ea3568f7cd9e16ae) Importer(815301076,1909f56bfc062723c751e8b465ee728b) The Animator Controller (doubt_tileset_9) you have used is not valid. Animations will not play
UnityEngine.StackTraceUtility:ExtractStackTrace ()
UnityEditor.EditorUtility:Internal_InstantiateRemoveAllNonAnimationComponentsSingle (UnityEngine.Object,UnityEngine.Vector3,UnityEngine.Quaternion)
UnityEditor.EditorUtility:InstantiateRemoveAllNonAnimationComponents (UnityEngine.Object,UnityEngine.Vector3,UnityEngine.Quaternion)
UnityEditor.EditorUtility:InstantiateForAnimatorPreview (UnityEngine.Object)
UnityEditor.GameObjectInspector/PreviewData:UpdateGameObject (UnityEngine.Object)
UnityEditor.GameObjectInspector/PreviewData:.ctor (UnityEngine.Object)
UnityEditor.GameObjectInspector:GetPreviewData ()
UnityEditor.GameObjectInspector:RenderStaticPreview (string,UnityEngine.Object[],int,int)
UnityEditor.AssetPreviewUpdater:CreatePreviewForAsset (UnityEngine.Object,UnityEngine.Object[],string)

[C:\buildslave\unity\build\Modules/Animation/Director/AnimatorControllerPlayable.cpp line 332]

The Animator Controller (doubt_tileset_9) you have used is not valid. Animations will not play
UnityEngine.StackTraceUtility:ExtractStackTrace ()
UnityEditor.EditorUtility:InitInstantiatedPreviewRecursive (UnityEngine.GameObject)
UnityEditor.EditorUtility:InstantiateForAnimatorPreview (UnityEngine.Object)
UnityEditor.GameObjectInspector/PreviewData:UpdateGameObject (UnityEngine.Object)
UnityEditor.GameObjectInspector/PreviewData:.ctor (UnityEngine.Object)
UnityEditor.GameObjectInspector:GetPreviewData ()
UnityEditor.GameObjectInspector:RenderStaticPreview (string,UnityEngine.Object[],int,int)
UnityEditor.AssetPreviewUpdater:CreatePreviewForAsset (UnityEngine.Object,UnityEngine.Object[],string)

[C:\buildslave\unity\build\Modules/Animation/Director/AnimatorControllerPlayable.cpp line 332]

 -> (artifact id: 'bfe2d2684d512b424e6cc73db9736aab') in 0.178353 seconds
  Import took 0.181792 seconds .

========================================================================
Received Import Request.
  Time since last request: 7.767843 seconds.
  path: Assets/Tiles/doubtVulture.prefab
  artifactKey: Guid(da7fc0de5d05c694ea3568f7cd9e16ae) Importer(815301076,1909f56bfc062723c751e8b465ee728b)
Start importing Assets/Tiles/doubtVulture.prefab using Guid(da7fc0de5d05c694ea3568f7cd9e16ae) Importer(815301076,1909f56bfc062723c751e8b465ee728b) The Animator Controller (doubt_tileset_9) you have used is not valid. Animations will not play
UnityEngine.StackTraceUtility:ExtractStackTrace ()
UnityEditor.EditorUtility:Internal_InstantiateRemoveAllNonAnimationComponentsSingle (UnityEngine.Object,UnityEngine.Vector3,UnityEngine.Quaternion)
UnityEditor.EditorUtility:InstantiateRemoveAllNonAnimationComponents (UnityEngine.Object,UnityEngine.Vector3,UnityEngine.Quaternion)
UnityEditor.EditorUtility:InstantiateForAnimatorPreview (UnityEngine.Object)
UnityEditor.GameObjectInspector/PreviewData:UpdateGameObject (UnityEngine.Object)
UnityEditor.GameObjectInspector/PreviewData:.ctor (UnityEngine.Object)
UnityEditor.GameObjectInspector:GetPreviewData ()
UnityEditor.GameObjectInspector:RenderStaticPreview (string,UnityEngine.Object[],int,int)
UnityEditor.AssetPreviewUpdater:CreatePreviewForAsset (UnityEngine.Object,UnityEngine.Object[],string)

[C:\buildslave\unity\build\Modules/Animation/Director/AnimatorControllerPlayable.cpp line 332]

The Animator Controller (doubt_tileset_9) you have used is not valid. Animations will not play
UnityEngine.StackTraceUtility:ExtractStackTrace ()
UnityEditor.EditorUtility:InitInstantiatedPreviewRecursive (UnityEngine.GameObject)
UnityEditor.EditorUtility:InstantiateForAnimatorPreview (UnityEngine.Object)
UnityEditor.GameObjectInspector/PreviewData:UpdateGameObject (UnityEngine.Object)
UnityEditor.GameObjectInspector/PreviewData:.ctor (UnityEngine.Object)
UnityEditor.GameObjectInspector:GetPreviewData ()
UnityEditor.GameObjectInspector:RenderStaticPreview (string,UnityEngine.Object[],int,int)
UnityEditor.AssetPreviewUpdater:CreatePreviewForAsset (UnityEngine.Object,UnityEngine.Object[],string)

[C:\buildslave\unity\build\Modules/Animation/Director/AnimatorControllerPlayable.cpp line 332]

 -> (artifact id: 'fb8328ba8c7c7d749a12f1a98167de73') in 0.019080 seconds
  Import took 0.090081 seconds .

========================================================================
Received Import Request.
  Time since last request: 90.462526 seconds.
  path: Assets/Tiles/doubt_tileset_11.prefab
  artifactKey: Guid(1b8d8d4a6cd8bf349839ed0ba31f7c93) Importer(815301076,1909f56bfc062723c751e8b465ee728b)
Start importing Assets/Tiles/doubt_tileset_11.prefab using Guid(1b8d8d4a6cd8bf349839ed0ba31f7c93) Importer(815301076,1909f56bfc062723c751e8b465ee728b)  -> (artifact id: 'd88ef47ccdd9d66f8ab49bcdb49a26e6') in 0.017762 seconds
  Import took 0.036079 seconds .

========================================================================
Received Import Request.
  Time since last request: 6.421215 seconds.
  path: Assets/Tiles/AssertPit.prefab
  artifactKey: Guid(1b8d8d4a6cd8bf349839ed0ba31f7c93) Importer(815301076,1909f56bfc062723c751e8b465ee728b)
Start importing Assets/Tiles/AssertPit.prefab using Guid(1b8d8d4a6cd8bf349839ed0ba31f7c93) Importer(815301076,1909f56bfc062723c751e8b465ee728b)  -> (artifact id: 'e3a622d60ad390d55dad8c798e880d71') in 0.025201 seconds
  Import took 0.070833 seconds .

========================================================================
Received Import Request.
  Time since last request: 4.605275 seconds.
  path: Assets/Tiles/doubt_tileset_12.prefab
  artifactKey: Guid(4ea0b25767e3a314f8da74e5d5188d68) Importer(815301076,1909f56bfc062723c751e8b465ee728b)
Start importing Assets/Tiles/doubt_tileset_12.prefab using Guid(4ea0b25767e3a314f8da74e5d5188d68) Importer(815301076,1909f56bfc062723c751e8b465ee728b)  -> (artifact id: '23319bccce9916f857dbfd4e73fc2713') in 0.017816 seconds
  Import took 0.045912 seconds .

========================================================================
Received Import Request.
  Time since last request: 0.006612 seconds.
  path: Assets/Tiles/doubt_tileset_12.prefab
  artifactKey: Guid(4ea0b25767e3a314f8da74e5d5188d68) Importer(815301076,1909f56bfc062723c751e8b465ee728b)
Start importing Assets/Tiles/doubt_tileset_12.prefab using Guid(4ea0b25767e3a314f8da74e5d5188d68) Importer(815301076,1909f56bfc062723c751e8b465ee728b)  -> (artifact id: '23319bccce9916f857dbfd4e73fc2713') in 0.009676 seconds
  Import took 0.013098 seconds .

========================================================================
Received Import Request.
  Time since last request: 11.465320 seconds.
  path: Assets/Tiles/AssertEnemy.prefab
  artifactKey: Guid(4ea0b25767e3a314f8da74e5d5188d68) Importer(815301076,1909f56bfc062723c751e8b465ee728b)
Start importing Assets/Tiles/AssertEnemy.prefab using Guid(4ea0b25767e3a314f8da74e5d5188d68) Importer(815301076,1909f56bfc062723c751e8b465ee728b)  -> (artifact id: '6790aa5527cc46ddca29ffd3237ed1ec') in 0.026010 seconds
  Import took 0.042259 seconds .

========================================================================
Received Import Request.
  Time since last request: 9.066103 seconds.
  path: Assets/Tiles/doubt_tileset_16.prefab
  artifactKey: Guid(b3040926867ce6b489b0e6f9fa1849b7) Importer(815301076,1909f56bfc062723c751e8b465ee728b)
Start importing Assets/Tiles/doubt_tileset_16.prefab using Guid(b3040926867ce6b489b0e6f9fa1849b7) Importer(815301076,1909f56bfc062723c751e8b465ee728b)  -> (artifact id: '75836ae2a83e6e77df5222e9a22d368b') in 0.018356 seconds
  Import took 0.029323 seconds .

========================================================================
Received Import Request.
  Time since last request: 5.868389 seconds.
  path: Assets/Tiles/AssertVulture.prefab
  artifactKey: Guid(b3040926867ce6b489b0e6f9fa1849b7) Importer(815301076,1909f56bfc062723c751e8b465ee728b)
Start importing Assets/Tiles/AssertVulture.prefab using Guid(b3040926867ce6b489b0e6f9fa1849b7) Importer(815301076,1909f56bfc062723c751e8b465ee728b)  -> (artifact id: '04efa620c05ac28b86edfcc4580b0644') in 0.019311 seconds
  Import took 0.023394 seconds .

========================================================================
Received Prepare
Registering precompiled user dll's ...
Registered in 0.040778 seconds.
Begin MonoManager ReloadAssembly
Symbol file LoadedFromMemory is not a mono symbol file
Native extension for WindowsStandalone target not found
Refreshing native plugins compatible for Editor in 0.37 ms, found 1 plugins.
Preloading 0 native plugins for Editor in 0.00 ms.
Invoked RoslynAnalysisRunner static constructor.
RoslynAnalysisRunner will not be running.
RoslynAnalysisRunner has terminated.
Mono: successfully reloaded assembly
- Completed reload, in  1.015 seconds
Platform modules already initialized, skipping
Refreshing native plugins compatible for Editor in 0.44 ms, found 1 plugins.
Preloading 0 native plugins for Editor in 0.00 ms.
Unloading 1816 Unused Serialized files (Serialized files now loaded: 0)
System memory in use before: 88.7 MB.
System memory in use after: 88.7 MB.

Unloading 13 unused Assets to reduce memory usage. Loaded Objects now: 2301.
Total: 2.728100 ms (FindLiveObjects: 0.302100 ms CreateObjectMapping: 0.126100 ms MarkObjects: 2.159500 ms  DeleteObjects: 0.137800 ms)

========================================================================
Received Prepare
Registering precompiled user dll's ...
Registered in 0.001082 seconds.
Begin MonoManager ReloadAssembly
Symbol file LoadedFromMemory is not a mono symbol file
Native extension for WindowsStandalone target not found
Refreshing native plugins compatible for Editor in 0.62 ms, found 1 plugins.
Preloading 0 native plugins for Editor in 0.00 ms.
Invoked RoslynAnalysisRunner static constructor.
RoslynAnalysisRunner will not be running.
RoslynAnalysisRunner has terminated.
Mono: successfully reloaded assembly
- Completed reload, in  1.941 seconds
Platform modules already initialized, skipping
Refreshing native plugins compatible for Editor in 1.20 ms, found 1 plugins.
Preloading 0 native plugins for Editor in 0.00 ms.
Unloading 1816 Unused Serialized files (Serialized files now loaded: 0)
System memory in use before: 88.7 MB.
System memory in use after: 88.7 MB.

Unloading 13 unused Assets to reduce memory usage. Loaded Objects now: 2305.
Total: 7.947300 ms (FindLiveObjects: 0.395500 ms CreateObjectMapping: 0.160800 ms MarkObjects: 7.184400 ms  DeleteObjects: 0.204000 ms)

========================================================================
Received Import Request.
  Time since last request: 413.041989 seconds.
  path: Assets/Animations/smalEnemy.anim
  artifactKey: Guid(685e2180e42f7264787a2f5540b14523) Importer(815301076,1909f56bfc062723c751e8b465ee728b)
Start importing Assets/Animations/smalEnemy.anim using Guid(685e2180e42f7264787a2f5540b14523) Importer(815301076,1909f56bfc062723c751e8b465ee728b)  -> (artifact id: '3916eb59dc79358f7225cce2082b5f87') in 0.044807 seconds
  Import took 0.072017 seconds .

========================================================================
Received Import Request.
  Time since last request: 1.107791 seconds.
  path: Assets/Animations/assertEnemy.anim
  artifactKey: Guid(85708df89c24b0947bca6e406eca15d3) Importer(815301076,1909f56bfc062723c751e8b465ee728b)
Start importing Assets/Animations/assertEnemy.anim using Guid(85708df89c24b0947bca6e406eca15d3) Importer(815301076,1909f56bfc062723c751e8b465ee728b)  -> (artifact id: '60e4d9c52980f0794ad835e8d814869e') in 0.037979 seconds
  Import took 0.061282 seconds .

========================================================================
Received Import Request.
  Time since last request: 9.767760 seconds.
  path: Assets/Animations/assertVulture.anim
  artifactKey: Guid(434bab370a61c6047a7d04d760c9202b) Importer(815301076,1909f56bfc062723c751e8b465ee728b)
Start importing Assets/Animations/assertVulture.anim using Guid(434bab370a61c6047a7d04d760c9202b) Importer(815301076,1909f56bfc062723c751e8b465ee728b)  -> (artifact id: '82832f874427be67e6435c624ba0c88a') in 0.059814 seconds
  Import took 0.094523 seconds .

========================================================================
Received Prepare
Registering precompiled user dll's ...
Registered in 0.001088 seconds.
Begin MonoManager ReloadAssembly
Symbol file LoadedFromMemory is not a mono symbol file
Native extension for WindowsStandalone target not found
Refreshing native plugins compatible for Editor in 0.42 ms, found 1 plugins.
Preloading 0 native plugins for Editor in 0.00 ms.
Invoked RoslynAnalysisRunner static constructor.
RoslynAnalysisRunner will not be running.
RoslynAnalysisRunner has terminated.
Mono: successfully reloaded assembly
- Completed reload, in  1.735 seconds
Platform modules already initialized, skipping
Refreshing native plugins compatible for Editor in 0.72 ms, found 1 plugins.
Preloading 0 native plugins for Editor in 0.00 ms.
Unloading 1816 Unused Serialized files (Serialized files now loaded: 0)
System memory in use before: 88.7 MB.
System memory in use after: 88.7 MB.

Unloading 13 unused Assets to reduce memory usage. Loaded Objects now: 2309.
Total: 5.024900 ms (FindLiveObjects: 0.674900 ms CreateObjectMapping: 0.227900 ms MarkObjects: 3.990500 ms  DeleteObjects: 0.128900 ms)

========================================================================
Received Prepare
Registering precompiled user dll's ...
Registered in 0.002088 seconds.
Begin MonoManager ReloadAssembly
Symbol file LoadedFromMemory is not a mono symbol file
Native extension for WindowsStandalone target not found
Refreshing native plugins compatible for Editor in 4.78 ms, found 1 plugins.
Preloading 0 native plugins for Editor in 0.00 ms.
Invoked RoslynAnalysisRunner static constructor.
RoslynAnalysisRunner will not be running.
RoslynAnalysisRunner has terminated.
Mono: successfully reloaded assembly
- Completed reload, in  1.886 seconds
Platform modules already initialized, skipping
Refreshing native plugins compatible for Editor in 0.39 ms, found 1 plugins.
Preloading 0 native plugins for Editor in 0.00 ms.
Unloading 1816 Unused Serialized files (Serialized files now loaded: 0)
System memory in use before: 88.8 MB.
System memory in use after: 88.7 MB.

Unloading 13 unused Assets to reduce memory usage. Loaded Objects now: 2313.
Total: 3.986500 ms (FindLiveObjects: 0.353200 ms CreateObjectMapping: 0.133100 ms MarkObjects: 3.311000 ms  DeleteObjects: 0.186400 ms)

========================================================================
Received Prepare
Registering precompiled user dll's ...
Registered in 0.001437 seconds.
Begin MonoManager ReloadAssembly
Symbol file LoadedFromMemory is not a mono symbol file
Native extension for WindowsStandalone target not found
Refreshing native plugins compatible for Editor in 0.42 ms, found 1 plugins.
Preloading 0 native plugins for Editor in 0.00 ms.
Invoked RoslynAnalysisRunner static constructor.
RoslynAnalysisRunner will not be running.
RoslynAnalysisRunner has terminated.
Mono: successfully reloaded assembly
- Completed reload, in  1.817 seconds
Platform modules already initialized, skipping
Refreshing native plugins compatible for Editor in 1.23 ms, found 1 plugins.
Preloading 0 native plugins for Editor in 0.00 ms.
Unloading 1816 Unused Serialized files (Serialized files now loaded: 0)
System memory in use before: 88.8 MB.
System memory in use after: 88.8 MB.

Unloading 13 unused Assets to reduce memory usage. Loaded Objects now: 2317.
Total: 4.069800 ms (FindLiveObjects: 0.538200 ms CreateObjectMapping: 0.291900 ms MarkObjects: 3.092600 ms  DeleteObjects: 0.144600 ms)

========================================================================
Received Prepare
Registering precompiled user dll's ...
Registered in 0.001036 seconds.
Begin MonoManager ReloadAssembly
Symbol file LoadedFromMemory is not a mono symbol file
Native extension for WindowsStandalone target not found
Refreshing native plugins compatible for Editor in 0.37 ms, found 1 plugins.
Preloading 0 native plugins for Editor in 0.00 ms.
Invoked RoslynAnalysisRunner static constructor.
RoslynAnalysisRunner will not be running.
RoslynAnalysisRunner has terminated.
Mono: successfully reloaded assembly
- Completed reload, in  1.138 seconds
Platform modules already initialized, skipping
Refreshing native plugins compatible for Editor in 0.39 ms, found 1 plugins.
Preloading 0 native plugins for Editor in 0.00 ms.
Unloading 1816 Unused Serialized files (Serialized files now loaded: 0)
System memory in use before: 88.8 MB.
System memory in use after: 88.8 MB.

Unloading 13 unused Assets to reduce memory usage. Loaded Objects now: 2321.
Total: 2.190100 ms (FindLiveObjects: 0.233000 ms CreateObjectMapping: 0.099000 ms MarkObjects: 1.736800 ms  DeleteObjects: 0.119900 ms)

========================================================================
Received Prepare
Registering precompiled user dll's ...
Registered in 0.001942 seconds.
Begin MonoManager ReloadAssembly
Symbol file LoadedFromMemory is not a mono symbol file
Native extension for WindowsStandalone target not found
Refreshing native plugins compatible for Editor in 0.38 ms, found 1 plugins.
Preloading 0 native plugins for Editor in 0.00 ms.
Invoked RoslynAnalysisRunner static constructor.
RoslynAnalysisRunner will not be running.
RoslynAnalysisRunner has terminated.
Mono: successfully reloaded assembly
- Completed reload, in  2.249 seconds
Platform modules already initialized, skipping
Refreshing native plugins compatible for Editor in 0.42 ms, found 1 plugins.
Preloading 0 native plugins for Editor in 0.00 ms.
Unloading 1816 Unused Serialized files (Serialized files now loaded: 0)
System memory in use before: 88.8 MB.
System memory in use after: 88.8 MB.

Unloading 13 unused Assets to reduce memory usage. Loaded Objects now: 2325.
Total: 10.233500 ms (FindLiveObjects: 1.295400 ms CreateObjectMapping: 1.221000 ms MarkObjects: 7.553400 ms  DeleteObjects: 0.159500 ms)

AssetImportWorkerClient::OnTransportError - code=2 error=End of file
